update.go:85: cannot change mount namespace according to change mount (/var/lib/snapd/hostfs/usr/share/gimp/2.0/help /usr/share/gimp/2.0/help none bind,ro 0 0): cannot open directory "/var/lib": permission denied
update.go:85: cannot change mount namespace according to change mount (/var/lib/snapd/hostfs/usr/share/xubuntu-docs /usr/share/xubuntu-docs none bind,ro 0 0): cannot open directory "/var/lib": permission denied
1700866675560	geckodriver	INFO	Listening on 127.0.0.1:35223
1700866675809	mozrunner::runner	INFO	Running command: "/snap/firefox/current/firefox.launcher" "--marionette" "--remote-debugging-port" "48645" "--remote-allow-hosts" "localhost" "-no-remote" "-profile" "/tmp/rust_mozprofileARHwcV"
Gtk-Message: 00:57:55.825: Not loading module "atk-bridge": The functionality is provided by GTK natively. Please try to not load it.

(firefox:16749): Gtk-WARNING **: 00:57:55.870: GTK+ module /snap/firefox/3358/gnome-platform/usr/lib/gtk-2.0/modules/libcanberra-gtk-module.so cannot be loaded.
GTK+ 2.x symbols detected. Using GTK+ 2.x and GTK+ 3 in the same process is not supported.
Gtk-Message: 00:57:55.870: Failed to load module "canberra-gtk-module"

(firefox:16749): Gtk-WARNING **: 00:57:55.871: GTK+ module /snap/firefox/3358/gnome-platform/usr/lib/gtk-2.0/modules/libcanberra-gtk-module.so cannot be loaded.
GTK+ 2.x symbols detected. Using GTK+ 2.x and GTK+ 3 in the same process is not supported.
Gtk-Message: 00:57:55.871: Failed to load module "canberra-gtk-module"
console.warn: services.settings: Ignoring preference override of remote settings server
console.warn: services.settings: Allow by setting MOZ_REMOTE_SETTINGS_DEVTOOLS=1 in the environment
ATTENTION: default value of option mesa_glthread overridden by environment.
1700866676436	Marionette	INFO	Marionette enabled
ATTENTION: default value of option mesa_glthread overridden by environment.
1700866676567	Marionette	INFO	Listening on port 38613
WebDriver BiDi listening on ws://127.0.0.1:48645
Read port: 38613
1700866676707	RemoteAgent	WARN	TLS certificate errors will be ignored for this session
console.error: ({})
DevTools listening on ws://127.0.0.1:48645/devtools/browser/d40f7dfc-2a6a-40d8-bd6b-089cd80a2d95
console.error: "update.locale" " file doesn't exist in either the application or GRE directories"
1700866708043	addons.xpi	ERROR	System addon update list error SyntaxError: XMLHttpRequest.open: 'http://%(server)s/dummy-system-addons.xml' is not a valid URL.
